mode: set
github.com/tongvinh/celeritas/render/render.go:34.103,35.37 1 1
github.com/tongvinh/celeritas/render/render.go:36.12,37.36 1 1
github.com/tongvinh/celeritas/render/render.go:38.13,39.48 1 1
github.com/tongvinh/celeritas/render/render.go:40.10,40.10 0 1
github.com/tongvinh/celeritas/render/render.go:43.2,43.52 1 1
github.com/tongvinh/celeritas/render/render.go:47.94,49.16 2 1
github.com/tongvinh/celeritas/render/render.go:49.16,51.3 1 1
github.com/tongvinh/celeritas/render/render.go:53.2,54.17 2 1
github.com/tongvinh/celeritas/render/render.go:54.17,56.3 1 0
github.com/tongvinh/celeritas/render/render.go:58.2,59.16 2 1
github.com/tongvinh/celeritas/render/render.go:59.16,61.3 1 0
github.com/tongvinh/celeritas/render/render.go:63.2,63.12 1 1
github.com/tongvinh/celeritas/render/render.go:67.114,70.22 2 1
github.com/tongvinh/celeritas/render/render.go:70.22,72.3 1 1
github.com/tongvinh/celeritas/render/render.go:72.8,74.3 1 0
github.com/tongvinh/celeritas/render/render.go:76.2,77.17 2 1
github.com/tongvinh/celeritas/render/render.go:77.17,79.3 1 0
github.com/tongvinh/celeritas/render/render.go:81.2,82.16 2 1
github.com/tongvinh/celeritas/render/render.go:82.16,85.3 2 1
github.com/tongvinh/celeritas/render/render.go:87.2,87.46 1 1
github.com/tongvinh/celeritas/render/render.go:87.46,90.3 2 0
github.com/tongvinh/celeritas/render/render.go:91.2,91.12 1 1
github.com/tongvinh/celeritas/session/session.go:20.53,25.16 3 1
github.com/tongvinh/celeritas/session/session.go:25.16,27.3 1 0
github.com/tongvinh/celeritas/session/session.go:30.2,30.48 1 1
github.com/tongvinh/celeritas/session/session.go:30.48,32.3 1 1
github.com/tongvinh/celeritas/session/session.go:35.2,35.47 1 1
github.com/tongvinh/celeritas/session/session.go:35.47,37.3 1 0
github.com/tongvinh/celeritas/session/session.go:40.2,49.40 8 1
github.com/tongvinh/celeritas/session/session.go:50.15,50.15 0 0
github.com/tongvinh/celeritas/session/session.go:52.26,52.26 0 0
github.com/tongvinh/celeritas/session/session.go:54.32,54.32 0 0
github.com/tongvinh/celeritas/session/session.go:56.10,56.10 0 1
github.com/tongvinh/celeritas/session/session.go:60.2,60.16 1 1
