mode: set
github.com/tongvinh/celeritas/render/render.go:34.103,35.37 1 1
github.com/tongvinh/celeritas/render/render.go:36.12,37.36 1 1
github.com/tongvinh/celeritas/render/render.go:38.13,39.48 1 1
github.com/tongvinh/celeritas/render/render.go:40.10,40.10 0 1
github.com/tongvinh/celeritas/render/render.go:43.2,43.52 1 1
github.com/tongvinh/celeritas/render/render.go:47.94,49.16 2 1
github.com/tongvinh/celeritas/render/render.go:49.16,51.3 1 1
github.com/tongvinh/celeritas/render/render.go:53.2,54.17 2 1
github.com/tongvinh/celeritas/render/render.go:54.17,56.3 1 0
github.com/tongvinh/celeritas/render/render.go:58.2,59.16 2 1
github.com/tongvinh/celeritas/render/render.go:59.16,61.3 1 0
github.com/tongvinh/celeritas/render/render.go:63.2,63.12 1 1
github.com/tongvinh/celeritas/render/render.go:67.114,70.22 2 1
github.com/tongvinh/celeritas/render/render.go:70.22,72.3 1 1
github.com/tongvinh/celeritas/render/render.go:72.8,74.3 1 0
github.com/tongvinh/celeritas/render/render.go:76.2,77.17 2 1
github.com/tongvinh/celeritas/render/render.go:77.17,79.3 1 0
github.com/tongvinh/celeritas/render/render.go:81.2,82.16 2 1
github.com/tongvinh/celeritas/render/render.go:82.16,85.3 2 1
github.com/tongvinh/celeritas/render/render.go:87.2,87.46 1 1
github.com/tongvinh/celeritas/render/render.go:87.46,90.3 2 0
github.com/tongvinh/celeritas/render/render.go:91.2,91.12 1 1
